[01m[K/home/taaniel/weld_ws/src/ur5_welder/src/moveit_testing.cpp:[m[K In member function â€˜[01m[Kvoid MoveItCppDemo::run()[m[Kâ€™:
[01m[K/home/taaniel/weld_ws/src/ur5_welder/src/moveit_testing.cpp:78:5:[m[K [01;31m[Kerror: [m[Kâ€˜[01m[Kcollision_object[m[Kâ€™ was not declared in this scope; did you mean â€˜[01m[Kcollision_detection[m[Kâ€™?
   78 |     [01;31m[Kcollision_object[m[K.primitives.push_back(box);
      |     [01;31m[K^~~~~~~~~~~~~~~~[m[K
      |     [32m[Kcollision_detection[m[K
make[2]: *** [CMakeFiles/test_node.dir/build.make:63: CMakeFiles/test_node.dir/src/moveit_testing.cpp.o] Error 1
make[1]: *** [CMakeFiles/Makefile2:78: CMakeFiles/test_node.dir/all] Error 2
make: *** [Makefile:141: all] Error 2
