[35m[1mScanning dependencies of target test_node[0m
[ 50%] [32mBuilding CXX object CMakeFiles/test_node.dir/src/moveit_testing.cpp.o[0m
[01m[K/home/taaniel/weld_ws/src/ur5_welder/src/moveit_testing.cpp:[m[K In function â€˜[01m[Kint main(int, char**)[m[Kâ€™:
[01m[K/home/taaniel/weld_ws/src/ur5_welder/src/moveit_testing.cpp:34:78:[m[K [01;31m[Kerror: [m[Kno matching function for call to â€˜[01m[Kmoveit::planning_interface::MoveGroupInterface::MoveGroupInterface(const char [15])[m[Kâ€™
   34 |    moveit::planning_interface::MoveGroupInterface move_group("ur_manipulator"[01;31m[K)[m[K;
      |                                                                              [01;31m[K^[m[K
In file included from [01m[K/home/taaniel/weld_ws/src/ur5_welder/src/moveit_testing.cpp:6[m[K:
[01m[K/home/taaniel/workspace/ros_ur_driver/install/moveit_ros_planning_interface/include/moveit/move_group_interface/move_group_interface.h:180:3:[m[K [01;36m[Knote: [m[Kcandidate: â€˜[01m[Kmoveit::planning_interface::MoveGroupInterface::MoveGroupInterface(moveit::planning_interface::MoveGroupInterface&&)[m[Kâ€™
  180 |   [01;36m[KMoveGroupInterface[m[K(MoveGroupInterface&& other) noexcept;
      |   [01;36m[K^~~~~~~~~~~~~~~~~~[m[K
[01m[K/home/taaniel/workspace/ros_ur_driver/install/moveit_ros_planning_interface/include/moveit/move_group_interface/move_group_interface.h:180:43:[m[K [01;36m[Knote: [m[K  no known conversion for argument 1 from â€˜[01m[Kconst char [15][m[Kâ€™ to â€˜[01m[Kmoveit::planning_interface::MoveGroupInterface&&[m[Kâ€™
  180 |   MoveGroupInterface([01;36m[KMoveGroupInterface&& other[m[K) noexcept;
      |                      [01;36m[K~~~~~~~~~~~~~~~~~~~~~^~~~~[m[K
[01m[K/home/taaniel/workspace/ros_ur_driver/install/moveit_ros_planning_interface/include/moveit/move_group_interface/move_group_interface.h:166:3:[m[K [01;36m[Knote: [m[Kcandidate: â€˜[01m[Kmoveit::planning_interface::MoveGroupInterface::MoveGroupInterface(const SharedPtr&, const string&, const std::shared_ptr<tf2_ros::Buffer>&, const rclcpp::Duration&)[m[Kâ€™
  166 |   [01;36m[KMoveGroupInterface[m[K(const rclcpp::Node::SharedPtr& node, const std::string& group,
      |   [01;36m[K^~~~~~~~~~~~~~~~~~[m[K
[01m[K/home/taaniel/workspace/ros_ur_driver/install/moveit_ros_planning_interface/include/moveit/move_group_interface/move_group_interface.h:166:3:[m[K [01;36m[Knote: [m[K  candidate expects 4 arguments, 1 provided
[01m[K/home/taaniel/workspace/ros_ur_driver/install/moveit_ros_planning_interface/include/moveit/move_group_interface/move_group_interface.h:155:3:[m[K [01;36m[Knote: [m[Kcandidate: â€˜[01m[Kmoveit::planning_interface::MoveGroupInterface::MoveGroupInterface(const SharedPtr&, const moveit::planning_interface::MoveGroupInterface::Options&, const std::shared_ptr<tf2_ros::Buffer>&, const rclcpp::Duration&)[m[Kâ€™
  155 |   [01;36m[KMoveGroupInterface[m[K(const rclcpp::Node::SharedPtr& node, const Options& opt,
      |   [01;36m[K^~~~~~~~~~~~~~~~~~[m[K
[01m[K/home/taaniel/workspace/ros_ur_driver/install/moveit_ros_planning_interface/include/moveit/move_group_interface/move_group_interface.h:155:3:[m[K [01;36m[Knote: [m[K  candidate expects 4 arguments, 1 provided
[01m[K/home/taaniel/weld_ws/src/ur5_welder/src/moveit_testing.cpp:35:16:[m[K [01;31m[Kerror: [m[Kâ€˜[01m[Kgeometry_msqs[m[Kâ€™ was not declared in this scope; did you mean â€˜[01m[Kgeometry_msgs[m[Kâ€™?
   35 |    std::vector<[01;31m[Kgeometry_msqs[m[K::Pose> waypoints;
      |                [01;31m[K^~~~~~~~~~~~~[m[K
      |                [32m[Kgeometry_msgs[m[K
[01m[K/home/taaniel/weld_ws/src/ur5_welder/src/moveit_testing.cpp:35:35:[m[K [01;31m[Kerror: [m[Ktemplate argument 1 is invalid
   35 |    std::vector<geometry_msqs::Pose[01;31m[K>[m[K waypoints;
      |                                   [01;31m[K^[m[K
[01m[K/home/taaniel/weld_ws/src/ur5_welder/src/moveit_testing.cpp:35:35:[m[K [01;31m[Kerror: [m[Ktemplate argument 2 is invalid
[01m[K/home/taaniel/weld_ws/src/ur5_welder/src/moveit_testing.cpp:41:19:[m[K [01;31m[Kerror: [m[Kâ€˜[01m[KPose_next_waypoint[m[Kâ€™ is not a member of â€˜[01m[Kgeometry_msgs[m[Kâ€™
   41 |    geometry_msgs::[01;31m[KPose_next_waypoint[m[K = current_pose.pose;
      |                   [01;31m[K^~~~~~~~~~~~~~~~~~[m[K
[01m[K/home/taaniel/weld_ws/src/ur5_welder/src/moveit_testing.cpp:45:4:[m[K [01;31m[Kerror: [m[Kâ€˜[01m[Knext_waypoint[m[Kâ€™ was not declared in this scope
   45 |    [01;31m[Knext_waypoint[m[K.position.z -= 0.3;
      |    [01;31m[K^~~~~~~~~~~~~[m[K
[01m[K/home/taaniel/weld_ws/src/ur5_welder/src/moveit_testing.cpp:47:14:[m[K [01;31m[Kerror: [m[Krequest for member â€˜[01m[Kpush_back[m[Kâ€™ in â€˜[01m[Kwaypoints[m[Kâ€™, which is of non-class type â€˜[01m[Kint[m[Kâ€™
   47 |    waypoints.[01;31m[Kpush_back[m[K(next_waypoint);
      |              [01;31m[K^~~~~~~~~[m[K
[01m[K/home/taaniel/weld_ws/src/ur5_welder/src/moveit_testing.cpp:50:14:[m[K [01;31m[Kerror: [m[Krequest for member â€˜[01m[Kpush_back[m[Kâ€™ in â€˜[01m[Kwaypoints[m[Kâ€™, which is of non-class type â€˜[01m[Kint[m[Kâ€™
   50 |    waypoints.[01;31m[Kpush_back[m[K(next_waypoint);
      |              [01;31m[K^~~~~~~~~[m[K
[01m[K/home/taaniel/weld_ws/src/ur5_welder/src/moveit_testing.cpp:53:14:[m[K [01;31m[Kerror: [m[Krequest for member â€˜[01m[Kpush_back[m[Kâ€™ in â€˜[01m[Kwaypoints[m[Kâ€™, which is of non-class type â€˜[01m[Kint[m[Kâ€™
   53 |    waypoints.[01;31m[Kpush_back[m[K(next_waypoint);
      |              [01;31m[K^~~~~~~~~[m[K
make[2]: *** [CMakeFiles/test_node.dir/build.make:63: CMakeFiles/test_node.dir/src/moveit_testing.cpp.o] Error 1
make[1]: *** [CMakeFiles/Makefile2:78: CMakeFiles/test_node.dir/all] Error 2
make: *** [Makefile:141: all] Error 2
