[0.057s] Invoking command in '/home/taaniel/weld_ws/build/ur5_welder': CMAKE_PREFIX_PATH=${CMAKE_PREFIX_PATH}:/home/taaniel/workspace/ros_ur_driver/install/ros2controlcli:/home/taaniel/workspace/ros_ur_driver/install/ros2_control_test_nodes:/opt/ros/foxy /usr/bin/cmake --build /home/taaniel/weld_ws/build/ur5_welder -- -j4 -l4
[0.178s] [35m[1mScanning dependencies of target test_node[0m
[0.311s] [ 50%] [32mBuilding CXX object CMakeFiles/test_node.dir/src/moveit_testing.cpp.o[0m
[8.089s] [01m[K/home/taaniel/weld_ws/src/ur5_welder/src/moveit_testing.cpp:[m[K In function â€˜[01m[Kint main(int, char**)[m[Kâ€™:
[8.089s] [01m[K/home/taaniel/weld_ws/src/ur5_welder/src/moveit_testing.cpp:41:19:[m[K [01;31m[Kerror: [m[Kâ€˜[01m[Kmove_group[m[Kâ€™ was not declared in this scope
[8.090s]    41 |    current_pose = [01;31m[Kmove_group[m[K.getCurrentPose();
[8.090s]       |                   [01;31m[K^~~~~~~~~~[m[K
[8.091s] [01m[K/home/taaniel/weld_ws/src/ur5_welder/src/moveit_testing.cpp:43:19:[m[K [01;31m[Kerror: [m[Kâ€˜[01m[KPose_next_waypoint[m[Kâ€™ is not a member of â€˜[01m[Kgeometry_msgs[m[Kâ€™
[8.091s]    43 |    geometry_msgs::[01;31m[KPose_next_waypoint[m[K = current_pose.pose;
[8.091s]       |                   [01;31m[K^~~~~~~~~~~~~~~~~~[m[K
[8.099s] [01m[K/home/taaniel/weld_ws/src/ur5_welder/src/moveit_testing.cpp:47:4:[m[K [01;31m[Kerror: [m[Kâ€˜[01m[Knext_waypoint[m[Kâ€™ was not declared in this scope
[8.099s]    47 |    [01;31m[Knext_waypoint[m[K.position.z -= 0.3;
[8.099s]       |    [01;31m[K^~~~~~~~~~~~~[m[K
[8.104s] [01m[K/home/taaniel/weld_ws/src/ur5_welder/src/moveit_testing.cpp:49:4:[m[K [01;31m[Kerror: [m[Kâ€˜[01m[Kwaypoints[m[Kâ€™ was not declared in this scope
[8.104s]    49 |    [01;31m[Kwaypoints[m[K.push_back(next_waypoint);
[8.105s]       |    [01;31m[K^~~~~~~~~[m[K
[8.105s] [01m[K/home/taaniel/weld_ws/src/ur5_welder/src/moveit_testing.cpp:57:32:[m[K [01;31m[Kerror: [m[Kâ€˜[01m[Kmoveit::planning_interface::MoveGroupInterface[m[Kâ€™ has not been declared
[8.105s]    57 |    moveit::planning_interface::[01;31m[KMoveGroupInterface[m[K::Plan my_plan;
[8.105s]       |                                [01;31m[K^~~~~~~~~~~~~~~~~~[m[K
[8.110s] [01m[K/home/taaniel/weld_ws/src/ur5_welder/src/moveit_testing.cpp:62:22:[m[K [01;31m[Kerror: [m[Kâ€˜[01m[Kmobe_group[m[Kâ€™ was not declared in this scope
[8.111s]    62 |    double fraction = [01;31m[Kmobe_group[m[K.computeCartesianPath(waypoints, eef_step, jump_threshold, my_plan.trajectory);
[8.111s]       |                      [01;31m[K^~~~~~~~~~[m[K
[8.114s] [01m[K/home/taaniel/weld_ws/src/ur5_welder/src/moveit_testing.cpp:62:91:[m[K [01;31m[Kerror: [m[Kâ€˜[01m[Kmy_plan[m[Kâ€™ was not declared in this scope
[8.115s]    62 |    double fraction = mobe_group.computeCartesianPath(waypoints, eef_step, jump_threshold, [01;31m[Kmy_plan[m[K.trajectory);
[8.115s]       |                                                                                           [01;31m[K^~~~~~~[m[K
[8.116s] [01m[K/home/taaniel/weld_ws/src/ur5_welder/src/moveit_testing.cpp:62:11:[m[K [01;35m[Kwarning: [m[Kunused variable â€˜[01m[Kfraction[m[Kâ€™ [[01;35m[K-Wunused-variable[m[K]
[8.116s]    62 |    double [01;35m[Kfraction[m[K = mobe_group.computeCartesianPath(waypoints, eef_step, jump_threshold, my_plan.trajectory);
[8.117s]       |           [01;35m[K^~~~~~~~[m[K
[12.682s] make[2]: *** [CMakeFiles/test_node.dir/build.make:63: CMakeFiles/test_node.dir/src/moveit_testing.cpp.o] Error 1
[12.683s] make[1]: *** [CMakeFiles/Makefile2:78: CMakeFiles/test_node.dir/all] Error 2
[12.683s] make: *** [Makefile:141: all] Error 2
[12.686s] Invoked command in '/home/taaniel/weld_ws/build/ur5_welder' returned '2': CMAKE_PREFIX_PATH=${CMAKE_PREFIX_PATH}:/home/taaniel/workspace/ros_ur_driver/install/ros2controlcli:/home/taaniel/workspace/ros_ur_driver/install/ros2_control_test_nodes:/opt/ros/foxy /usr/bin/cmake --build /home/taaniel/weld_ws/build/ur5_welder -- -j4 -l4
