[35m[1mScanning dependencies of target test_node[0m
[ 50%] [32mBuilding CXX object CMakeFiles/test_node.dir/src/moveit_testing.cpp.o[0m
[01m[K/home/taaniel/weld_ws/src/ur5_welder/src/moveit_testing.cpp:[m[K In function â€˜[01m[Kint main(int, char**)[m[Kâ€™:
[01m[K/home/taaniel/weld_ws/src/ur5_welder/src/moveit_testing.cpp:46:19:[m[K [01;31m[Kerror: [m[Kâ€˜[01m[Kusing element_type = class moveit_cpp::MoveItCpp[m[Kâ€™ {aka â€˜[01m[Kclass moveit_cpp::MoveItCpp[m[Kâ€™} has no member named â€˜[01m[KrequestPlanningSceneState[m[Kâ€™
   46 |   moveit_cpp_ptr->[01;31m[KrequestPlanningSceneState[m[K("/get_planning_scene");
      |                   [01;31m[K^~~~~~~~~~~~~~~~~~~~~~~~~[m[K
[01m[K/home/taaniel/weld_ws/src/ur5_welder/src/moveit_testing.cpp:51:8:[m[K [01;35m[Kwarning: [m[Kunused variable â€˜[01m[Kjoint_model_group_ptr[m[Kâ€™ [[01;35m[K-Wunused-variable[m[K]
   51 |   auto [01;35m[Kjoint_model_group_ptr[m[K = robot_model_ptr->getJointModelGroup(PLANNING_GROUP);
      |        [01;35m[K^~~~~~~~~~~~~~~~~~~~~[m[K
make[2]: *** [CMakeFiles/test_node.dir/build.make:63: CMakeFiles/test_node.dir/src/moveit_testing.cpp.o] Error 1
make[1]: *** [CMakeFiles/Makefile2:78: CMakeFiles/test_node.dir/all] Error 2
make: *** [Makefile:141: all] Error 2
