[0.055s] Invoking command in '/home/taaniel/weld_ws/build/ur5_welder': CMAKE_PREFIX_PATH=${CMAKE_PREFIX_PATH}:/home/taaniel/workspace/ros_ur_driver/install/ros2controlcli:/home/taaniel/workspace/ros_ur_driver/install/ros2_control_test_nodes:/opt/ros/foxy /usr/bin/cmake --build /home/taaniel/weld_ws/build/ur5_welder -- -j4 -l4
[0.200s] [35m[1mScanning dependencies of target test_node[0m
[0.394s] [ 50%] [32mBuilding CXX object CMakeFiles/test_node.dir/src/moveit_testing.cpp.o[0m
[9.138s] [01m[K/home/taaniel/weld_ws/src/ur5_welder/src/moveit_testing.cpp:[m[K In function â€˜[01m[Kint main(int, char**)[m[Kâ€™:
[9.138s] [01m[K/home/taaniel/weld_ws/src/ur5_welder/src/moveit_testing.cpp:41:19:[m[K [01;31m[Kerror: [m[Kâ€˜[01m[KgetCurrentPose[m[Kâ€™ was not declared in this scope
[9.138s]    41 |    current_pose = [01;31m[KgetCurrentPose[m[K();
[9.138s]       |                   [01;31m[K^~~~~~~~~~~~~~[m[K
[9.139s] [01m[K/home/taaniel/weld_ws/src/ur5_welder/src/moveit_testing.cpp:43:19:[m[K [01;31m[Kerror: [m[Kâ€˜[01m[KPose_next_waypoint[m[Kâ€™ is not a member of â€˜[01m[Kgeometry_msgs[m[Kâ€™
[9.139s]    43 |    geometry_msgs::[01;31m[KPose_next_waypoint[m[K = current_pose.pose;
[9.140s]       |                   [01;31m[K^~~~~~~~~~~~~~~~~~[m[K
[9.150s] [01m[K/home/taaniel/weld_ws/src/ur5_welder/src/moveit_testing.cpp:47:4:[m[K [01;31m[Kerror: [m[Kâ€˜[01m[Knext_waypoint[m[Kâ€™ was not declared in this scope
[9.151s]    47 |    [01;31m[Knext_waypoint[m[K.position.z -= 0.3;
[9.151s]       |    [01;31m[K^~~~~~~~~~~~~[m[K
[9.155s] [01m[K/home/taaniel/weld_ws/src/ur5_welder/src/moveit_testing.cpp:49:4:[m[K [01;31m[Kerror: [m[Kâ€˜[01m[Kwaypoints[m[Kâ€™ was not declared in this scope
[9.156s]    49 |    [01;31m[Kwaypoints[m[K.push_back(next_waypoint);
[9.156s]       |    [01;31m[K^~~~~~~~~[m[K
[9.156s] [01m[K/home/taaniel/weld_ws/src/ur5_welder/src/moveit_testing.cpp:57:32:[m[K [01;31m[Kerror: [m[Kâ€˜[01m[Kmoveit::planning_interface::MoveGroupInterface[m[Kâ€™ has not been declared
[9.156s]    57 |    moveit::planning_interface::[01;31m[KMoveGroupInterface[m[K::Plan my_plan;
[9.156s]       |                                [01;31m[K^~~~~~~~~~~~~~~~~~[m[K
[9.161s] [01m[K/home/taaniel/weld_ws/src/ur5_welder/src/moveit_testing.cpp:62:22:[m[K [01;31m[Kerror: [m[Kâ€˜[01m[Kmobe_group[m[Kâ€™ was not declared in this scope
[9.162s]    62 |    double fraction = [01;31m[Kmobe_group[m[K.computeCartesianPath(waypoints, eef_step, jump_threshold, my_plan.trajectory);
[9.162s]       |                      [01;31m[K^~~~~~~~~~[m[K
[9.170s] [01m[K/home/taaniel/weld_ws/src/ur5_welder/src/moveit_testing.cpp:62:91:[m[K [01;31m[Kerror: [m[Kâ€˜[01m[Kmy_plan[m[Kâ€™ was not declared in this scope
[9.170s]    62 |    double fraction = mobe_group.computeCartesianPath(waypoints, eef_step, jump_threshold, [01;31m[Kmy_plan[m[K.trajectory);
[9.170s]       |                                                                                           [01;31m[K^~~~~~~[m[K
[9.171s] [01m[K/home/taaniel/weld_ws/src/ur5_welder/src/moveit_testing.cpp:62:11:[m[K [01;35m[Kwarning: [m[Kunused variable â€˜[01m[Kfraction[m[Kâ€™ [[01;35m[K-Wunused-variable[m[K]
[9.171s]    62 |    double [01;35m[Kfraction[m[K = mobe_group.computeCartesianPath(waypoints, eef_step, jump_threshold, my_plan.trajectory);
[9.171s]       |           [01;35m[K^~~~~~~~[m[K
[14.226s] make[2]: *** [CMakeFiles/test_node.dir/build.make:63: CMakeFiles/test_node.dir/src/moveit_testing.cpp.o] Error 1
[14.226s] make[1]: *** [CMakeFiles/Makefile2:78: CMakeFiles/test_node.dir/all] Error 2
[14.226s] make: *** [Makefile:141: all] Error 2
[14.228s] Invoked command in '/home/taaniel/weld_ws/build/ur5_welder' returned '2': CMAKE_PREFIX_PATH=${CMAKE_PREFIX_PATH}:/home/taaniel/workspace/ros_ur_driver/install/ros2controlcli:/home/taaniel/workspace/ros_ur_driver/install/ros2_control_test_nodes:/opt/ros/foxy /usr/bin/cmake --build /home/taaniel/weld_ws/build/ur5_welder -- -j4 -l4
