[0.049s] Invoking command in '/home/taaniel/weld_ws/build/ur5_welder': CMAKE_PREFIX_PATH=${CMAKE_PREFIX_PATH}:/home/taaniel/workspace/ros_ur_driver/install/ros2controlcli:/home/taaniel/workspace/ros_ur_driver/install/ros2_control_test_nodes:/opt/ros/foxy /usr/bin/cmake --build /home/taaniel/weld_ws/build/ur5_welder -- -j4 -l4
[0.161s] [35m[1mScanning dependencies of target test_node[0m
[0.303s] [ 50%] [32mBuilding CXX object CMakeFiles/test_node.dir/src/moveit_testing.cpp.o[0m
[8.043s] [01m[K/home/taaniel/weld_ws/src/ur5_welder/src/moveit_testing.cpp:[m[K In function â€˜[01m[Kint main(int, char**)[m[Kâ€™:
[8.043s] [01m[K/home/taaniel/weld_ws/src/ur5_welder/src/moveit_testing.cpp:40:16:[m[K [01;31m[Kerror: [m[Kâ€˜[01m[KPoseStamped[m[Kâ€™ is not a member of â€˜[01m[Kgeometry_msgs[m[Kâ€™; did you mean â€˜[01m[Kgeometry_msgs::msg::PoseStamped[m[Kâ€™?
[8.043s]    40 | geometry_msgs::[01;31m[KPoseStamped[m[K current_pose;
[8.043s]       |                [01;31m[K^~~~~~~~~~~[m[K
[8.043s] In file included from [01m[K/home/taaniel/workspace/ros_ur_driver/install/moveit_msgs/include/moveit_msgs/msg/detail/visibility_constraint__struct.hpp:20[m[K,
[8.044s]                  from [01m[K/home/taaniel/workspace/ros_ur_driver/install/moveit_msgs/include/moveit_msgs/msg/detail/constraints__struct.hpp:25[m[K,
[8.044s]                  from [01m[K/home/taaniel/workspace/ros_ur_driver/install/moveit_msgs/include/moveit_msgs/msg/constraints.hpp:7[m[K,
[8.044s]                  from [01m[K/home/taaniel/workspace/ros_ur_driver/install/moveit_core/include/moveit/kinematic_constraints/kinematic_constraint.h:46[m[K,
[8.044s]                  from [01m[K/home/taaniel/workspace/ros_ur_driver/install/moveit_core/include/moveit/planning_scene/planning_scene.h:45[m[K,
[8.044s]                  from [01m[K/home/taaniel/workspace/ros_ur_driver/install/moveit_ros_planning/include/moveit/planning_scene_monitor/planning_scene_monitor.h:43[m[K,
[8.044s]                  from [01m[K/home/taaniel/workspace/ros_ur_driver/install/moveit_ros_planning/include/moveit/moveit_cpp/moveit_cpp.h:43[m[K,
[8.044s]                  from [01m[K/home/taaniel/weld_ws/src/ur5_welder/src/moveit_testing.cpp:4[m[K:
[8.044s] [01m[K/opt/ros/foxy/include/geometry_msgs/msg/detail/pose_stamped__struct.hpp:134:7:[m[K [01;36m[Knote: [m[Kâ€˜[01m[Kgeometry_msgs::msg::PoseStamped[m[Kâ€™ declared here
[8.045s]   134 | using [01;36m[KPoseStamped[m[K =
[8.045s]       |       [01;36m[K^~~~~~~~~~~[m[K
[8.051s] [01m[K/home/taaniel/weld_ws/src/ur5_welder/src/moveit_testing.cpp:41:1:[m[K [01;31m[Kerror: [m[Kâ€˜[01m[Kcurrent_pose[m[Kâ€™ was not declared in this scope
[8.052s]    41 | [01;31m[Kcurrent_pose[m[K = move_group.getCurrentPose();
[8.052s]       | [01;31m[K^~~~~~~~~~~~[m[K
[8.058s] [01m[K/home/taaniel/weld_ws/src/ur5_welder/src/moveit_testing.cpp:41:16:[m[K [01;31m[Kerror: [m[Kâ€˜[01m[Kmove_group[m[Kâ€™ was not declared in this scope
[8.059s]    41 | current_pose = [01;31m[Kmove_group[m[K.getCurrentPose();
[8.059s]       |                [01;31m[K^~~~~~~~~~[m[K
[8.060s] [01m[K/home/taaniel/weld_ws/src/ur5_welder/src/moveit_testing.cpp:43:16:[m[K [01;31m[Kerror: [m[Kâ€˜[01m[KPose_next_waypoint[m[Kâ€™ is not a member of â€˜[01m[Kgeometry_msgs[m[Kâ€™
[8.060s]    43 | geometry_msgs::[01;31m[KPose_next_waypoint[m[K = current_pose.pose;
[8.060s]       |                [01;31m[K^~~~~~~~~~~~~~~~~~[m[K
[8.068s] [01m[K/home/taaniel/weld_ws/src/ur5_welder/src/moveit_testing.cpp:47:1:[m[K [01;31m[Kerror: [m[Kâ€˜[01m[Knext_waypoint[m[Kâ€™ was not declared in this scope
[8.068s]    47 | [01;31m[Knext_waypoint[m[K.position.z -= 0.3;
[8.068s]       | [01;31m[K^~~~~~~~~~~~~[m[K
[8.073s] [01m[K/home/taaniel/weld_ws/src/ur5_welder/src/moveit_testing.cpp:49:1:[m[K [01;31m[Kerror: [m[Kâ€˜[01m[Kwaypoints[m[Kâ€™ was not declared in this scope
[8.073s]    49 | [01;31m[Kwaypoints[m[K.push_back(next_waypoint);
[8.073s]       | [01;31m[K^~~~~~~~~[m[K
[8.073s] [01m[K/home/taaniel/weld_ws/src/ur5_welder/src/moveit_testing.cpp:57:29:[m[K [01;31m[Kerror: [m[Kâ€˜[01m[Kmoveit::planning_interface::MoveGroupInterface[m[Kâ€™ has not been declared
[8.074s]    57 | moveit::planning_interface::[01;31m[KMoveGroupInterface[m[K::Plan my_plan;
[8.074s]       |                             [01;31m[K^~~~~~~~~~~~~~~~~~[m[K
[8.078s] [01m[K/home/taaniel/weld_ws/src/ur5_welder/src/moveit_testing.cpp:62:19:[m[K [01;31m[Kerror: [m[Kâ€˜[01m[Kmobe_group[m[Kâ€™ was not declared in this scope
[8.078s]    62 | double fraction = [01;31m[Kmobe_group[m[K.computeCartesianPath(waypoints, eef_step, jump_threshold, my_plan.trajectory);
[8.078s]       |                   [01;31m[K^~~~~~~~~~[m[K
[8.082s] [01m[K/home/taaniel/weld_ws/src/ur5_welder/src/moveit_testing.cpp:62:88:[m[K [01;31m[Kerror: [m[Kâ€˜[01m[Kmy_plan[m[Kâ€™ was not declared in this scope
[8.082s]    62 | double fraction = mobe_group.computeCartesianPath(waypoints, eef_step, jump_threshold, [01;31m[Kmy_plan[m[K.trajectory);
[8.083s]       |                                                                                        [01;31m[K^~~~~~~[m[K
[8.089s] [01m[K/home/taaniel/weld_ws/src/ur5_welder/src/moveit_testing.cpp:65:5:[m[K [01;31m[Kerror: [m[Kâ€˜[01m[KROS_INFO[m[Kâ€™ was not declared in this scope
[8.090s]    65 |     [01;31m[KROS_INFO[m[K{"[movegroup_interface_demo/cartesian_path] Planning OK. Proceeding."}
[8.090s]       |     [01;31m[K^~~~~~~~[m[K
[8.095s] [01m[K/home/taaniel/weld_ws/src/ur5_welder/src/moveit_testing.cpp:67:5:[m[K [01;31m[Kerror: [m[Kâ€˜[01m[KROS_WARN[m[Kâ€™ was not declared in this scope
[8.095s]    67 |     [01;31m[KROS_WARN[m[K{"[movegroup_interface_demo/cartesian_path] The whole Cartesian path was not planned for (%.2f%% ""successfully computed) . Shutting Down."}
[8.096s]       |     [01;31m[K^~~~~~~~[m[K
[8.096s] [01m[K/home/taaniel/weld_ws/src/ur5_welder/src/moveit_testing.cpp:68:5:[m[K [01;31m[Kerror: [m[Kâ€˜[01m[Kros[m[Kâ€™ has not been declared
[8.096s]    68 |     [01;31m[Kros[m[K::shutdown();
[8.096s]       |     [01;31m[K^~~[m[K
[12.620s] make[2]: *** [CMakeFiles/test_node.dir/build.make:63: CMakeFiles/test_node.dir/src/moveit_testing.cpp.o] Error 1
[12.621s] make[1]: *** [CMakeFiles/Makefile2:78: CMakeFiles/test_node.dir/all] Error 2
[12.621s] make: *** [Makefile:141: all] Error 2
[12.624s] Invoked command in '/home/taaniel/weld_ws/build/ur5_welder' returned '2': CMAKE_PREFIX_PATH=${CMAKE_PREFIX_PATH}:/home/taaniel/workspace/ros_ur_driver/install/ros2controlcli:/home/taaniel/workspace/ros_ur_driver/install/ros2_control_test_nodes:/opt/ros/foxy /usr/bin/cmake --build /home/taaniel/weld_ws/build/ur5_welder -- -j4 -l4
