[35m[1mScanning dependencies of target test_node[0m
[ 50%] [32mBuilding CXX object CMakeFiles/test_node.dir/src/moveit_testing.cpp.o[0m
[01m[K/home/taaniel/weld_ws/src/ur5_welder/src/moveit_testing.cpp:[m[K In function â€˜[01m[Kint main(int, char**)[m[Kâ€™:
[01m[K/home/taaniel/weld_ws/src/ur5_welder/src/moveit_testing.cpp:38:4:[m[K [01;31m[Kerror: [m[Kâ€˜[01m[Kmmoveit[m[Kâ€™ has not been declared
   38 |    [01;31m[Kmmoveit[m[K::planning_interface::MoveGroupInterface move_group("ur_manipulator");
      |    [01;31m[K^~~~~~~[m[K
[01m[K/home/taaniel/weld_ws/src/ur5_welder/src/moveit_testing.cpp:40:16:[m[K [01;31m[Kerror: [m[Kâ€˜[01m[Kgeometry_msqs[m[Kâ€™ was not declared in this scope; did you mean â€˜[01m[Kgeometry_msgs[m[Kâ€™?
   40 |    std::vector<[01;31m[Kgeometry_msqs[m[K::Pose> waypoints;
      |                [01;31m[K^~~~~~~~~~~~~[m[K
      |                [32m[Kgeometry_msgs[m[K
[01m[K/home/taaniel/weld_ws/src/ur5_welder/src/moveit_testing.cpp:40:35:[m[K [01;31m[Kerror: [m[Ktemplate argument 1 is invalid
   40 |    std::vector<geometry_msqs::Pose[01;31m[K>[m[K waypoints;
      |                                   [01;31m[K^[m[K
[01m[K/home/taaniel/weld_ws/src/ur5_welder/src/moveit_testing.cpp:40:35:[m[K [01;31m[Kerror: [m[Ktemplate argument 2 is invalid
[01m[K/home/taaniel/weld_ws/src/ur5_welder/src/moveit_testing.cpp:43:19:[m[K [01;31m[Kerror: [m[Kâ€˜[01m[KPoseStamped[m[Kâ€™ is not a member of â€˜[01m[Kgeometry_msgs[m[Kâ€™; did you mean â€˜[01m[Kgeometry_msgs::msg::PoseStamped[m[Kâ€™?
   43 |    geometry_msgs::[01;31m[KPoseStamped[m[K current_pose;
      |                   [01;31m[K^~~~~~~~~~~[m[K
In file included from [01m[K/home/taaniel/workspace/ros_ur_driver/install/moveit_msgs/include/moveit_msgs/msg/detail/visibility_constraint__struct.hpp:20[m[K,
                 from [01m[K/home/taaniel/workspace/ros_ur_driver/install/moveit_msgs/include/moveit_msgs/msg/detail/constraints__struct.hpp:25[m[K,
                 from [01m[K/home/taaniel/workspace/ros_ur_driver/install/moveit_msgs/include/moveit_msgs/msg/constraints.hpp:7[m[K,
                 from [01m[K/home/taaniel/workspace/ros_ur_driver/install/moveit_core/include/moveit/kinematic_constraints/kinematic_constraint.h:46[m[K,
                 from [01m[K/home/taaniel/workspace/ros_ur_driver/install/moveit_core/include/moveit/planning_scene/planning_scene.h:45[m[K,
                 from [01m[K/home/taaniel/workspace/ros_ur_driver/install/moveit_ros_planning/include/moveit/planning_scene_monitor/planning_scene_monitor.h:43[m[K,
                 from [01m[K/home/taaniel/workspace/ros_ur_driver/install/moveit_ros_planning/include/moveit/moveit_cpp/moveit_cpp.h:43[m[K,
                 from [01m[K/home/taaniel/weld_ws/src/ur5_welder/src/moveit_testing.cpp:4[m[K:
[01m[K/opt/ros/foxy/include/geometry_msgs/msg/detail/pose_stamped__struct.hpp:134:7:[m[K [01;36m[Knote: [m[Kâ€˜[01m[Kgeometry_msgs::msg::PoseStamped[m[Kâ€™ declared here
  134 | using [01;36m[KPoseStamped[m[K =
      |       [01;36m[K^~~~~~~~~~~[m[K
[01m[K/home/taaniel/weld_ws/src/ur5_welder/src/moveit_testing.cpp:44:4:[m[K [01;31m[Kerror: [m[Kâ€˜[01m[Kcurrent_pose[m[Kâ€™ was not declared in this scope
   44 |    [01;31m[Kcurrent_pose[m[K = move_group.getCurrentPose();
      |    [01;31m[K^~~~~~~~~~~~[m[K
[01m[K/home/taaniel/weld_ws/src/ur5_welder/src/moveit_testing.cpp:44:19:[m[K [01;31m[Kerror: [m[Kâ€˜[01m[Kmove_group[m[Kâ€™ was not declared in this scope
   44 |    current_pose = [01;31m[Kmove_group[m[K.getCurrentPose();
      |                   [01;31m[K^~~~~~~~~~[m[K
[01m[K/home/taaniel/weld_ws/src/ur5_welder/src/moveit_testing.cpp:46:19:[m[K [01;31m[Kerror: [m[Kâ€˜[01m[KPose_next_waypoint[m[Kâ€™ is not a member of â€˜[01m[Kgeometry_msgs[m[Kâ€™
   46 |    geometry_msgs::[01;31m[KPose_next_waypoint[m[K = current_pose.pose;
      |                   [01;31m[K^~~~~~~~~~~~~~~~~~[m[K
[01m[K/home/taaniel/weld_ws/src/ur5_welder/src/moveit_testing.cpp:50:4:[m[K [01;31m[Kerror: [m[Kâ€˜[01m[Knext_waypoint[m[Kâ€™ was not declared in this scope
   50 |    [01;31m[Knext_waypoint[m[K.position.z -= 0.3;
      |    [01;31m[K^~~~~~~~~~~~~[m[K
[01m[K/home/taaniel/weld_ws/src/ur5_welder/src/moveit_testing.cpp:52:14:[m[K [01;31m[Kerror: [m[Krequest for member â€˜[01m[Kpush_back[m[Kâ€™ in â€˜[01m[Kwaypoints[m[Kâ€™, which is of non-class type â€˜[01m[Kint[m[Kâ€™
   52 |    waypoints.[01;31m[Kpush_back[m[K(next_waypoint);
      |              [01;31m[K^~~~~~~~~[m[K
[01m[K/home/taaniel/weld_ws/src/ur5_welder/src/moveit_testing.cpp:55:14:[m[K [01;31m[Kerror: [m[Krequest for member â€˜[01m[Kpush_back[m[Kâ€™ in â€˜[01m[Kwaypoints[m[Kâ€™, which is of non-class type â€˜[01m[Kint[m[Kâ€™
   55 |    waypoints.[01;31m[Kpush_back[m[K(next_waypoint);
      |              [01;31m[K^~~~~~~~~[m[K
[01m[K/home/taaniel/weld_ws/src/ur5_welder/src/moveit_testing.cpp:58:14:[m[K [01;31m[Kerror: [m[Krequest for member â€˜[01m[Kpush_back[m[Kâ€™ in â€˜[01m[Kwaypoints[m[Kâ€™, which is of non-class type â€˜[01m[Kint[m[Kâ€™
   58 |    waypoints.[01;31m[Kpush_back[m[K(next_waypoint);
      |              [01;31m[K^~~~~~~~~[m[K
[01m[K/home/taaniel/weld_ws/src/ur5_welder/src/moveit_testing.cpp:60:32:[m[K [01;31m[Kerror: [m[Kâ€˜[01m[Kmoveit::planning_interface::MoveGroupInterface[m[Kâ€™ has not been declared
   60 |    moveit::planning_interface::[01;31m[KMoveGroupInterface[m[K::Plan my_plan;
      |                                [01;31m[K^~~~~~~~~~~~~~~~~~[m[K
make[2]: *** [CMakeFiles/test_node.dir/build.make:63: CMakeFiles/test_node.dir/src/moveit_testing.cpp.o] Error 1
make[1]: *** [CMakeFiles/Makefile2:78: CMakeFiles/test_node.dir/all] Error 2
make: *** [Makefile:141: all] Error 2
