[0.053s] Invoking command in '/home/taaniel/weld_ws/build/ur5_welder': CMAKE_PREFIX_PATH=${CMAKE_PREFIX_PATH}:/home/taaniel/workspace/ros_ur_driver/install/ros2controlcli:/home/taaniel/workspace/ros_ur_driver/install/ros2_control_test_nodes:/opt/ros/foxy /usr/bin/cmake --build /home/taaniel/weld_ws/build/ur5_welder -- -j4 -l4
[0.214s] [35m[1mScanning dependencies of target test_node[0m
[0.378s] [ 50%] [32mBuilding CXX object CMakeFiles/test_node.dir/src/moveit_testing.cpp.o[0m
[8.989s] [01m[K/home/taaniel/weld_ws/src/ur5_welder/src/moveit_testing.cpp:[m[K In function â€˜[01m[Kint main(int, char**)[m[Kâ€™:
[8.989s] [01m[K/home/taaniel/weld_ws/src/ur5_welder/src/moveit_testing.cpp:34:32:[m[K [01;31m[Kerror: [m[Kâ€˜[01m[KMoveGroupInterface[m[Kâ€™ is not a member of â€˜[01m[Kmoveit::planning_interface[m[Kâ€™
[8.989s]    34 |    moveit::planning_interface::[01;31m[KMoveGroupInterface[m[K move_group("ur_manipulator");
[8.989s]       |                                [01;31m[K^~~~~~~~~~~~~~~~~~[m[K
[8.989s] [01m[K/home/taaniel/weld_ws/src/ur5_welder/src/moveit_testing.cpp:36:9:[m[K [01;31m[Kerror: [m[Kexpected primary-expression before â€˜[01m[K:[m[Kâ€™ token
[8.989s]    36 |    std::[01;31m[Kv[m[Kector<geometry_msqs::Pose> waypoints;
[8.989s]       |         [01;31m[K^[m[K
[8.997s] [01m[K/home/taaniel/weld_ws/src/ur5_welder/src/moveit_testing.cpp:40:19:[m[K [01;31m[Kerror: [m[Kâ€˜[01m[Kmove_group[m[Kâ€™ was not declared in this scope
[8.997s]    40 |    current_pose = [01;31m[Kmove_group[m[K.getCurrentPose();
[8.997s]       |                   [01;31m[K^~~~~~~~~~[m[K
[8.999s] [01m[K/home/taaniel/weld_ws/src/ur5_welder/src/moveit_testing.cpp:42:19:[m[K [01;31m[Kerror: [m[Kâ€˜[01m[KPose_next_waypoint[m[Kâ€™ is not a member of â€˜[01m[Kgeometry_msgs[m[Kâ€™
[8.999s]    42 |    geometry_msgs::[01;31m[KPose_next_waypoint[m[K = current_pose.pose;
[8.999s]       |                   [01;31m[K^~~~~~~~~~~~~~~~~~[m[K
[9.012s] [01m[K/home/taaniel/weld_ws/src/ur5_welder/src/moveit_testing.cpp:46:4:[m[K [01;31m[Kerror: [m[Kâ€˜[01m[Knext_waypoint[m[Kâ€™ was not declared in this scope
[9.012s]    46 |    [01;31m[Knext_waypoint[m[K.position.z -= 0.3;
[9.012s]       |    [01;31m[K^~~~~~~~~~~~~[m[K
[9.018s] [01m[K/home/taaniel/weld_ws/src/ur5_welder/src/moveit_testing.cpp:48:4:[m[K [01;31m[Kerror: [m[Kâ€˜[01m[Kwaypoints[m[Kâ€™ was not declared in this scope
[9.019s]    48 |    [01;31m[Kwaypoints[m[K.push_back(next_waypoint);
[9.019s]       |    [01;31m[K^~~~~~~~~[m[K
[9.019s] [01m[K/home/taaniel/weld_ws/src/ur5_welder/src/moveit_testing.cpp:56:32:[m[K [01;31m[Kerror: [m[Kâ€˜[01m[Kmoveit::planning_interface::MoveGroupInterface[m[Kâ€™ has not been declared
[9.019s]    56 |    moveit::planning_interface::[01;31m[KMoveGroupInterface[m[K::Plan my_plan;
[9.020s]       |                                [01;31m[K^~~~~~~~~~~~~~~~~~[m[K
[9.020s] [01m[K/home/taaniel/weld_ws/src/ur5_welder/src/moveit_testing.cpp:36:4:[m[K [01;35m[Kwarning: [m[Klabel â€˜[01m[Kstd[m[Kâ€™ defined but not used [[01;35m[K-Wunused-label[m[K]
[9.020s]    36 |    [01;35m[Kstd[m[K::vector<geometry_msqs::Pose> waypoints;
[9.021s]       |    [01;35m[K^~~[m[K
[13.749s] make[2]: *** [CMakeFiles/test_node.dir/build.make:63: CMakeFiles/test_node.dir/src/moveit_testing.cpp.o] Error 1
[13.750s] make[1]: *** [CMakeFiles/Makefile2:78: CMakeFiles/test_node.dir/all] Error 2
[13.750s] make: *** [Makefile:141: all] Error 2
[13.753s] Invoked command in '/home/taaniel/weld_ws/build/ur5_welder' returned '2': CMAKE_PREFIX_PATH=${CMAKE_PREFIX_PATH}:/home/taaniel/workspace/ros_ur_driver/install/ros2controlcli:/home/taaniel/workspace/ros_ur_driver/install/ros2_control_test_nodes:/opt/ros/foxy /usr/bin/cmake --build /home/taaniel/weld_ws/build/ur5_welder -- -j4 -l4
