[01m[K/home/taaniel/weld_ws/src/ur5_welder/src/moveit_testing.cpp:[m[K In function â€˜[01m[Kint main(int, char**)[m[Kâ€™:
[01m[K/home/taaniel/weld_ws/src/ur5_welder/src/moveit_testing.cpp:91:22:[m[K [01;31m[Kerror: [m[Kâ€˜[01m[Knode[m[Kâ€™ was not declared in this scope
   91 |   MoveItCppDemo demo([01;31m[Knode[m[K);
      |                      [01;31m[K^~~~[m[K
[01m[K/home/taaniel/weld_ws/src/ur5_welder/src/moveit_testing.cpp:[m[K In lambda function:
[01m[K/home/taaniel/weld_ws/src/ur5_welder/src/moveit_testing.cpp:96:14:[m[K [01;31m[Kerror: [m[Kâ€˜[01m[Kvoid MoveItCppDemo::run()[m[Kâ€™ is private within this context
   96 |     demo.run([01;31m[K)[m[K;
      |              [01;31m[K^[m[K
[01m[K/home/taaniel/weld_ws/src/ur5_welder/src/moveit_testing.cpp:51:8:[m[K [01;36m[Knote: [m[Kdeclared private here
   51 |   void [01;36m[Krun[m[K()
      |        [01;36m[K^~~[m[K
make[2]: *** [CMakeFiles/test_node.dir/build.make:63: CMakeFiles/test_node.dir/src/moveit_testing.cpp.o] Error 1
make[1]: *** [CMakeFiles/Makefile2:78: CMakeFiles/test_node.dir/all] Error 2
make: *** [Makefile:141: all] Error 2
