[0.049s] Invoking command in '/home/taaniel/weld_ws/build/ur5_welder': CMAKE_PREFIX_PATH=${CMAKE_PREFIX_PATH}:/home/taaniel/workspace/ros_ur_driver/install/ros2controlcli:/home/taaniel/workspace/ros_ur_driver/install/ros2_control_test_nodes:/opt/ros/foxy /usr/bin/cmake --build /home/taaniel/weld_ws/build/ur5_welder -- -j4 -l4
[0.166s] [35m[1mScanning dependencies of target test_node[0m
[0.289s] [ 50%] [32mBuilding CXX object CMakeFiles/test_node.dir/src/moveit_testing.cpp.o[0m
[8.116s] [01m[K/home/taaniel/weld_ws/src/ur5_welder/src/moveit_testing.cpp:[m[K In function â€˜[01m[Kint main(int, char**)[m[Kâ€™:
[8.116s] [01m[K/home/taaniel/weld_ws/src/ur5_welder/src/moveit_testing.cpp:91:22:[m[K [01;31m[Kerror: [m[Kâ€˜[01m[Knode[m[Kâ€™ was not declared in this scope
[8.117s]    91 |   MoveItCppDemo demo([01;31m[Knode[m[K);
[8.117s]       |                      [01;31m[K^~~~[m[K
[8.118s] [01m[K/home/taaniel/weld_ws/src/ur5_welder/src/moveit_testing.cpp:[m[K In lambda function:
[8.119s] [01m[K/home/taaniel/weld_ws/src/ur5_welder/src/moveit_testing.cpp:96:14:[m[K [01;31m[Kerror: [m[Kâ€˜[01m[Kvoid MoveItCppDemo::run()[m[Kâ€™ is private within this context
[8.119s]    96 |     demo.run([01;31m[K)[m[K;
[8.119s]       |              [01;31m[K^[m[K
[8.119s] [01m[K/home/taaniel/weld_ws/src/ur5_welder/src/moveit_testing.cpp:51:8:[m[K [01;36m[Knote: [m[Kdeclared private here
[8.119s]    51 |   void [01;36m[Krun[m[K()
[8.119s]       |        [01;36m[K^~~[m[K
[12.667s] make[2]: *** [CMakeFiles/test_node.dir/build.make:63: CMakeFiles/test_node.dir/src/moveit_testing.cpp.o] Error 1
[12.668s] make[1]: *** [CMakeFiles/Makefile2:78: CMakeFiles/test_node.dir/all] Error 2
[12.668s] make: *** [Makefile:141: all] Error 2
[12.670s] Invoked command in '/home/taaniel/weld_ws/build/ur5_welder' returned '2': CMAKE_PREFIX_PATH=${CMAKE_PREFIX_PATH}:/home/taaniel/workspace/ros_ur_driver/install/ros2controlcli:/home/taaniel/workspace/ros_ur_driver/install/ros2_control_test_nodes:/opt/ros/foxy /usr/bin/cmake --build /home/taaniel/weld_ws/build/ur5_welder -- -j4 -l4
